<?xml version="1.0" encoding="UTF-8"?>
<!-- Generated by org.testng.reporters.JUnitReportReporter -->
<testsuite hostname="DESKTOP-M6T05PN" failures="0" tests="1" name="Rest_Tests.Tests_POST" time="2.933" errors="0" timestamp="2021-10-11T13:34:34 IST" skipped="0">
  <testcase classname="Rest_Tests.Tests_POST" name="POST_Test" time="2.933"/>
  <system-out/>
</testsuite> <!-- Rest_Tests.Tests_POST -->
