<?xml version="1.0" encoding="UTF-8"?>
<!-- Generated by org.testng.reporters.JUnitReportReporter -->
<testsuite hostname="DESKTOP-M6T05PN" failures="0" tests="1" name="Assignments.Assgn_1" time="2.697" errors="0" timestamp="2021-10-11T13:35:58 IST" skipped="0">
  <testcase classname="Assignments.Assgn_1" name="Test01" time="2.697"/>
  <system-out/>
</testsuite> <!-- Assignments.Assgn_1 -->
