<?xml version="1.0" encoding="UTF-8"?>
<!-- Generated by org.testng.reporters.JUnitReportReporter -->
<testsuite hostname="DESKTOP-M6T05PN" failures="0" tests="1" name="StepDefinitions.Assignment3" time="2.389" errors="0" timestamp="2021-10-11T20:16:50 IST" skipped="0">
  <testcase classname="StepDefinitions.Assignment3" name="to_get_time_date" time="2.389"/>
  <system-out/>
</testsuite> <!-- StepDefinitions.Assignment3 -->
