<?xml version="1.0" encoding="UTF-8"?>
<!-- Generated by org.testng.reporters.JUnitReportReporter -->
<testsuite hostname="DESKTOP-M6T05PN" failures="0" tests="2" name="Rest_Tests.Test01_GET" time="2.594" errors="0" timestamp="2021-10-11T16:31:52 IST" skipped="0">
  <testcase classname="Rest_Tests.Test01_GET" name="Test_02" time="0.385"/>
  <system-out/>
  <testcase classname="Rest_Tests.Test01_GET" name="Test_01" time="2.209"/>
  <system-out/>
</testsuite> <!-- Rest_Tests.Test01_GET -->
