<?xml version="1.0" encoding="UTF-8"?>
<!-- Generated by org.testng.reporters.JUnitReportReporter -->
<testsuite hostname="DESKTOP-M6T05PN" failures="0" tests="1" name="Assignments.Assgn_2" time="2.561" errors="0" timestamp="2021-10-11T14:15:57 IST" skipped="0">
  <testcase classname="Assignments.Assgn_2" name="Test_01" time="2.561"/>
  <system-out/>
</testsuite> <!-- Assignments.Assgn_2 -->
