<?xml version="1.0" encoding="UTF-8"?>
<!-- Generated by org.testng.reporters.JUnitReportReporter -->
<testsuite hostname="DESKTOP-M6T05PN" failures="0" tests="1" name="Assignments.Assgn_3" time="3.469" errors="0" timestamp="2021-10-11T16:34:53 IST" skipped="0">
  <testcase classname="Assignments.Assgn_3" name="Test_01" time="3.469"/>
  <system-out/>
</testsuite> <!-- Assignments.Assgn_3 -->
