<?xml version="1.0" encoding="UTF-8"?>
<!-- Generated by org.testng.reporters.JUnitReportReporter -->
<testsuite hostname="DESKTOP-M6T05PN" failures="0" tests="1" name="Rest_Tests.Tests_GET" time="3.035" errors="0" timestamp="2021-10-10T20:36:37 IST" skipped="0">
  <testcase classname="Rest_Tests.Tests_GET" name="Test_01" time="3.035"/>
  <system-out/>
</testsuite> <!-- Rest_Tests.Tests_GET -->
