<?xml version="1.0" encoding="UTF-8"?>
<!-- Generated by org.testng.reporters.JUnitReportReporter -->
<testsuite hostname="DESKTOP-M6T05PN" failures="0" tests="3" name="StepDefinitions.Assignment1" time="3.113" errors="0" timestamp="2021-10-11T20:04:48 IST" skipped="0">
  <testcase classname="StepDefinitions.Assignment1" name="create_negative_scenario" time="3.104"/>
  <system-out/>
  <testcase classname="StepDefinitions.Assignment1" name="print_the_response_into_console" time="0.006"/>
  <system-out/>
  <testcase classname="StepDefinitions.Assignment1" name="set_https_request" time="0.003"/>
  <system-out/>
</testsuite> <!-- StepDefinitions.Assignment1 -->
